[debug] [2022-09-26T02:47:13.193Z] ----------------------------------------------------------------------
[debug] [2022-09-26T02:47:13.194Z] Command:       /usr/local/bin/node /usr/local/bin/firebase init hosting
[debug] [2022-09-26T02:47:13.195Z] CLI Version:   11.9.0
[debug] [2022-09-26T02:47:13.195Z] Platform:      darwin
[debug] [2022-09-26T02:47:13.195Z] Node Version:  v16.16.0
[debug] [2022-09-26T02:47:13.199Z] Time:          Mon Sep 26 2022 10:47:13 GMT+0800 (Ulaanbaatar Standard Time)
[debug] [2022-09-26T02:47:13.199Z] ----------------------------------------------------------------------
[debug] 
[debug] [2022-09-26T02:47:13.234Z] > command requires scopes: ["email","openid","https://www.googleapis.com/auth/cloudplatformprojects.readonly","https://www.googleapis.com/auth/firebase","https://www.googleapis.com/auth/cloud-platform"]
[debug] [2022-09-26T02:47:13.234Z] > authorizing via signed-in user (mbold81@gmail.com)
[info] 
     ######## #### ########  ######## ########     ###     ######  ########
     ##        ##  ##     ## ##       ##     ##  ##   ##  ##       ##
     ######    ##  ########  ######   ########  #########  ######  ######
     ##        ##  ##    ##  ##       ##     ## ##     ##       ## ##
     ##       #### ##     ## ######## ########  ##     ##  ######  ########

You're about to initialize a Firebase project in this directory:

  /Users/munkhbold/Desktop/munkhbold/Leap1-2/adminpage-app

Before we get started, keep in mind:

  * You are initializing within an existing Firebase project directory

[info] 
=== Project Setup
[info] 
[info] First, let's associate this project directory with a Firebase project.
[info] You can create multiple project aliases by running firebase use --add, 
[info] but for now we'll just set up a default project.
[info] 
[debug] [2022-09-26T02:47:13.236Z] Using project from CLI flag: foody-d5be8
[debug] [2022-09-26T02:47:13.237Z] > refreshing access token with scopes: []
[debug] [2022-09-26T02:47:13.238Z] >>> [apiv2][query] POST https://www.googleapis.com/oauth2/v3/token [none]
[debug] [2022-09-26T02:47:13.238Z] >>> [apiv2][body] POST https://www.googleapis.com/oauth2/v3/token [omitted]
[debug] [2022-09-26T02:47:13.793Z] <<< [apiv2][status] POST https://www.googleapis.com/oauth2/v3/token 200
[debug] [2022-09-26T02:47:13.794Z] <<< [apiv2][body] POST https://www.googleapis.com/oauth2/v3/token [omitted]
[debug] [2022-09-26T02:47:13.879Z] >>> [apiv2][query] GET https://firebase.googleapis.com/v1beta1/projects/foody-d5be8 [none]
[debug] [2022-09-26T02:47:14.486Z] <<< [apiv2][status] GET https://firebase.googleapis.com/v1beta1/projects/foody-d5be8 200
[debug] [2022-09-26T02:47:14.486Z] <<< [apiv2][body] GET https://firebase.googleapis.com/v1beta1/projects/foody-d5be8 {"projectId":"foody-d5be8","projectNumber":"976444991941","displayName":"Foody","name":"projects/foody-d5be8","resources":{"hostingSite":"foody-d5be8","storageBucket":"foody-d5be8.appspot.com","locationId":"us-central"},"state":"ACTIVE","etag":"1_ca6bb31a-f5b2-446a-8314-41368ddd677f"}
[info] i  Using project foody-d5be8 (Foody) 
[info] 
=== Hosting Setup
[info] 
[info] Your public directory is the folder (relative to your project directory) that
[info] will contain Hosting assets to be uploaded with firebase deploy. If you
[info] have a build process for your assets, use your build's output directory.
[info] 
[info] ✔  Wrote build/404.html 
[debug] [2022-09-26T02:47:22.752Z] >>> [apiv2][query] GET https://www.gstatic.com/firebasejs/releases.json [none]
[debug] [2022-09-26T02:47:23.096Z] <<< [apiv2][status] GET https://www.gstatic.com/firebasejs/releases.json 200
[debug] [2022-09-26T02:47:23.096Z] <<< [apiv2][body] GET https://www.gstatic.com/firebasejs/releases.json {"current":{"version":"9.10.0","browserURL":"https://www.gstatic.com/firebasejs/9.10.0/firebase.js","packageURL":"https://www.gstatic.com/firebasejs/9.10.0/firebase.tgz"},"live":{"version":"9.10","browserURL":"https://www.gstatic.com/firebasejs/live/9.10/firebase.js","packageURL":"https://www.gstatic.com/firebasejs/live/9.10/firebase.tgz"},"components":{"analytics":"https://www.gstatic.com/firebasejs/9.10.0/firebase-analytics.js","app":"https://www.gstatic.com/firebasejs/9.10.0/firebase-app.js","app-check":"https://www.gstatic.com/firebasejs/9.10.0/firebase-app-check.js","auth":"https://www.gstatic.com/firebasejs/9.10.0/firebase-auth.js","auth/cordova":"https://www.gstatic.com/firebasejs/9.10.0/firebase-auth/cordova.js","auth/react-native":"https://www.gstatic.com/firebasejs/9.10.0/firebase-auth/react-native.js","functions":"https://www.gstatic.com/firebasejs/9.10.0/firebase-functions.js","firestore":"https://www.gstatic.com/firebasejs/9.10.0/firebase-firestore.js","firestore/lite":"https://www.gstatic.com/firebasejs/9.10.0/firebase-firestore/lite.js","installations":"https://www.gstatic.com/firebasejs/9.10.0/firebase-installations.js","storage":"https://www.gstatic.com/firebasejs/9.10.0/firebase-storage.js","performance":"https://www.gstatic.com/firebasejs/9.10.0/firebase-performance.js","remote-config":"https://www.gstatic.com/firebasejs/9.10.0/firebase-remote-config.js","messaging":"https://www.gstatic.com/firebasejs/9.10.0/firebase-messaging.js","messaging/sw":"https://www.gstatic.com/firebasejs/9.10.0/firebase-messaging/sw.js","database":"https://www.gstatic.com/firebasejs/9.10.0/firebase-database.js","firestore.memory":"https://www.gstatic.com/firebasejs/9.10.0/firebase-firestore.memory.js"}}
[info] ✔  Wrote build/index.html 
[info] 
[info] i  Detected a .git folder at /Users/munkhbold/Desktop/munkhbold/Leap1-2 
[info] i  Authorizing with GitHub to upload your service account to a GitHub repository's secrets store. 
[info] 
[info] Visit this URL on this device to log in:
[info] https://github.com/login/oauth/authorize?client_id=89cf50f02ac6aaed3484&state=356069011&redirect_uri=http%3A%2F%2Flocalhost%3A9005&scope=read%3Auser%20repo%20public_repo
[info] 
[info] Waiting for authentication...
[debug] [2022-09-26T02:47:25.075Z] >>> [apiv2][query] POST https://github.com/login/oauth/access_token [none]
[debug] [2022-09-26T02:47:25.075Z] >>> [apiv2][body] POST https://github.com/login/oauth/access_token [stream]
[debug] [2022-09-26T02:47:25.756Z] <<< [apiv2][status] POST https://github.com/login/oauth/access_token 200
[debug] [2022-09-26T02:47:25.756Z] <<< [apiv2][body] POST https://github.com/login/oauth/access_token {"access_token":"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","token_type":"bearer","scope":"read:user,repo"}
[debug] [2022-09-26T02:47:25.766Z] >>> [apiv2][query] GET https://api.github.com/user [none]
[debug] [2022-09-26T02:47:26.644Z] <<< [apiv2][status] GET https://api.github.com/user 200
[debug] [2022-09-26T02:47:26.644Z] <<< [apiv2][body] GET https://api.github.com/user {"login":"MBbold","id":103709596,"node_id":"U_kgDOBi57nA","avatar_url":"https://avatars.githubusercontent.com/u/103709596?v=4","gravatar_id":"","url":"https://api.github.com/users/MBbold","html_url":"https://github.com/MBbold","followers_url":"https://api.github.com/users/MBbold/followers","following_url":"https://api.github.com/users/MBbold/following{/other_user}","gists_url":"https://api.github.com/users/MBbold/gists{/gist_id}","starred_url":"https://api.github.com/users/MBbold/starred{/owner}{/repo}","subscriptions_url":"https://api.github.com/users/MBbold/subscriptions","organizations_url":"https://api.github.com/users/MBbold/orgs","repos_url":"https://api.github.com/users/MBbold/repos","events_url":"https://api.github.com/users/MBbold/events{/privacy}","received_events_url":"https://api.github.com/users/MBbold/received_events","type":"User","site_admin":false,"name":null,"company":null,"blog":"","location":null,"email":null,"hireable":null,"bio":null,"twitter_username":null,"public_repos":5,"public_gists":0,"followers":0,"following":0,"created_at":"2022-04-15T01:38:13Z","updated_at":"2022-08-23T09:53:59Z","private_gists":0,"total_private_repos":1,"owned_private_repos":1,"disk_usage":26229,"collaborators":0,"two_factor_authentication":false,"plan":{"name":"free","space":976562499,"collaborators":0,"private_repos":10000}}
[info] 
[info] ✔  Success! Logged into GitHub as MBbold 
[info] 
[debug] [2022-09-26T02:48:00.687Z] >>> [apiv2][query] GET https://api.github.com/repos/MBbold/Leap1-2/adminpage-app/actions/secrets/public-key type=owner
[debug] [2022-09-26T02:48:01.362Z] <<< [apiv2][status] GET https://api.github.com/repos/MBbold/Leap1-2/adminpage-app/actions/secrets/public-key 404
[debug] [2022-09-26T02:48:01.363Z] <<< [apiv2][body] GET https://api.github.com/repos/MBbold/Leap1-2/adminpage-app/actions/secrets/public-key {"message":"Not Found","documentation_url":"https://docs.github.com/rest"}
[debug] [2022-09-26T02:48:05.204Z] >>> [apiv2][query] GET https://api.github.com/repos/MBbold/Leap1-2/adminpage-app//actions/secrets/public-key type=owner
[debug] [2022-09-26T02:48:06.037Z] <<< [apiv2][status] GET https://api.github.com/repos/MBbold/Leap1-2/adminpage-app//actions/secrets/public-key 404
[debug] [2022-09-26T02:48:06.038Z] <<< [apiv2][body] GET https://api.github.com/repos/MBbold/Leap1-2/adminpage-app//actions/secrets/public-key {"message":"Not Found","documentation_url":"https://docs.github.com/rest"}
[debug] [2022-09-26T02:48:06.859Z] >>> [apiv2][query] GET https://api.github.com/repos/MBbold/Leap1-2/adminpage-app//actions/secrets/public-key type=owner
[debug] [2022-09-26T02:48:07.623Z] <<< [apiv2][status] GET https://api.github.com/repos/MBbold/Leap1-2/adminpage-app//actions/secrets/public-key 404
[debug] [2022-09-26T02:48:07.624Z] <<< [apiv2][body] GET https://api.github.com/repos/MBbold/Leap1-2/adminpage-app//actions/secrets/public-key {"message":"Not Found","documentation_url":"https://docs.github.com/rest"}
[debug] [2022-09-26T02:48:18.825Z] >>> [apiv2][query] GET https://api.github.com/repos/MBbold/Leap1-2/adminpage-app//actions/secrets/public-key type=owner
[debug] [2022-09-26T02:48:19.632Z] <<< [apiv2][status] GET https://api.github.com/repos/MBbold/Leap1-2/adminpage-app//actions/secrets/public-key 404
[debug] [2022-09-26T02:48:19.632Z] <<< [apiv2][body] GET https://api.github.com/repos/MBbold/Leap1-2/adminpage-app//actions/secrets/public-key {"message":"Not Found","documentation_url":"https://docs.github.com/rest"}
